  Reading Qt configuration (D:/QT_6/6.3.0/msvc2019_64/bin/qmake)
  Generate moc_predefs.h
  Uic'ing chooseroom.ui...
  Uic'ing hotelregister.ui...
  Uic'ing loginwindow1.ui...
  Uic'ing mainwindow.ui...
  Uic'ing newroom.ui...
  Uic'ing platform.ui...
  Uic'ing registerwindow.ui...
  Uic'ing roomchange.ui...
  Uic'ing wcomment.ui...
  Uic'ing whotel.ui...
  Rcc'ing res.qrc...
  Moc'ing chooseroom.h...
  Moc'ing hotelregister.h...
  Moc'ing loginwindow1.h...
  Moc'ing mainwindow.h...
  Moc'ing mydatabase.h...
  Moc'ing newroom.h...
  Moc'ing platform.h...
  Moc'ing registerwindow.h...
  Moc'ing roomchange.h...
  Moc'ing wcomment.h...
  Moc'ing whotel.h...
  abstractuser.cpp
  chooseroom.cpp
  customer.cpp
  hotel.cpp
  hotelmanager.cpp
  hotelregister.cpp
  loginwindow1.cpp
  main.cpp
  mainwindow.cpp
  mydatabase.cpp
  newroom.cpp
  order.cpp
  platform.cpp
  platformadmin.cpp
  registerwindow.cpp
  room.cpp
  roomchange.cpp
  wcomment.cpp
  whotel.cpp
  qrc_res.cpp
  moc_chooseroom.cpp
  moc_hotelregister.cpp
  moc_loginwindow1.cpp
  moc_mainwindow.cpp
  moc_mydatabase.cpp
  moc_newroom.cpp
  moc_platform.cpp
  moc_registerwindow.cpp
  moc_roomchange.cpp
  moc_wcomment.cpp
  moc_whotel.cpp
  HotelPlatform.vcxproj -> G:\CourseExercise\BigAssignment-AHotelSystem-master\debug\HotelPlatform.exe
